Added Component: Designator=C1(C0402)
Added Component: Designator=C2(C0402)
Added Component: Designator=C3(C0402)
Added Component: Designator=C4(C0402)
Added Component: Designator=C5(C1210-E)
Added Component: Designator=C6(C0402)
Added Component: Designator=C7(C0402)
Added Component: Designator=C8(C0402)
Added Component: Designator=C9(C0402)
Added Component: Designator=C10(C0402)
Added Component: Designator=C11(C0402)
Added Component: Designator=C12(C0402)
Added Component: Designator=C13(C0402)
Added Component: Designator=C14(CAP6R3X5R6-SM)
Added Component: Designator=C15(CAP6R3X5R6-SM)
Added Component: Designator=C16(C0603)
Added Component: Designator=C17(C0402)
Added Component: Designator=C18(C0402)
Added Component: Designator=C19(C0402)
Added Component: Designator=C20(C0402)
Added Component: Designator=C21(C0402)
Added Component: Designator=C22(C0603)
Added Component: Designator=C23(C0402)
Added Component: Designator=C24(C0402)
Added Component: Designator=C25(C0402)
Added Component: Designator=C26(C0402)
Added Component: Designator=C27(C0603)
Added Component: Designator=C28(C1210-E)
Added Component: Designator=C29(C0402)
Added Component: Designator=C30(C1210-E)
Added Component: Designator=C31(C0603)
Added Component: Designator=C32(C0603)
Added Component: Designator=C33(C0402)
Added Component: Designator=C34(C0402)
Added Component: Designator=C35(C1210-E)
Added Component: Designator=C36(C0402)
Added Component: Designator=CON1(IPX_U.FL)
Added Component: Designator=D1(D1206)
Added Component: Designator=D2(SOD-323)
Added Component: Designator=D3(SOD-323)
Added Component: Designator=D4(SOD-323)
Added Component: Designator=D5(SOD-323)
Added Component: Designator=J1(OLED_2X9SMT)
Added Component: Designator=J2(CON_12WT)
Added Component: Designator=J3(MICRO_SIM)
Added Component: Designator=J4(SIP1X5-2R54)
Added Component: Designator=L1(L0402)
Added Component: Designator=Q1(SOT23)
Added Component: Designator=Q2(SOT23)
Added Component: Designator=Q3(SOT23)
Added Component: Designator=Q4(SOT23)
Added Component: Designator=Q5(SOT23)
Added Component: Designator=Q6(SOT23)
Added Component: Designator=R1(R0402)
Added Component: Designator=R2(R0402)
Added Component: Designator=R3(R0402)
Added Component: Designator=R4(R0402)
Added Component: Designator=R5(R0402)
Added Component: Designator=R6(R0402)
Added Component: Designator=R7(R0402)
Added Component: Designator=R8(R0402)
Added Component: Designator=R9(R0402)
Added Component: Designator=R10(R0402)
Added Component: Designator=R11(R0402)
Added Component: Designator=R12(R0402)
Added Component: Designator=R13(R0402)
Added Component: Designator=R14(R0402)
Added Component: Designator=R15(R0402)
Added Component: Designator=R16(R0402)
Added Component: Designator=R17(R0402)
Added Component: Designator=R18(R0402)
Added Component: Designator=R19(R0402)
Added Component: Designator=R20(R0402)
Added Component: Designator=R21(R0402)
Added Component: Designator=R22(R0402)
Added Component: Designator=R23(R0402)
Added Component: Designator=R24(R0402)
Added Component: Designator=R25(R0402)
Added Component: Designator=R26(R0402)
Added Component: Designator=R27(R0402)
Added Component: Designator=R28(R0402)
Added Component: Designator=R29(R0402)
Added Component: Designator=R30(R0402)
Added Component: Designator=R31(R0402)
Added Component: Designator=R32(R0402)
Added Component: Designator=R33(R0402)
Added Component: Designator=R34(R0402)
Added Component: Designator=R35(R0402)
Added Component: Designator=R36(R0402)
Added Component: Designator=R37(R0402)
Added Component: Designator=S1(XXW-2548)
Added Component: Designator=S2(XXW-2548)
Added Component: Designator=U1(BC28)
Added Component: Designator=U2(XTAL4-5X3R2)
Added Component: Designator=U3(QFP64-0R5)
Added Component: Designator=U4(SOT23-5)
Added Component: Designator=U5(SOT23-5)
Added Component: Designator=U6(BLEMODE)
Added Component: Designator=U7(ATGM336)
Added Component: Designator=X1(X_MC146)
Added Pin To Net: NetName=BAT_VOLT_DET Pin=C19-1
Added Pin To Net: NetName=BAT_VOLT_DET Pin=R20-2
Added Pin To Net: NetName=BAT_VOLT_DET Pin=R21-1
Added Pin To Net: NetName=BAT_VOLT_DET Pin=U3-15
Added Net: Name=BAT_VOLT_DET
Added Pin To Net: NetName=BI Pin=J2-6
Added Pin To Net: NetName=BI Pin=U3-24
Added Net: Name=BI
Added Pin To Net: NetName=BLE_LINK Pin=U3-40
Added Pin To Net: NetName=BLE_LINK Pin=U6-17
Added Net: Name=BLE_LINK
Added Pin To Net: NetName=BLE_LPIN Pin=U3-39
Added Pin To Net: NetName=BLE_LPIN Pin=U6-19
Added Net: Name=BLE_LPIN
Added Pin To Net: NetName=BLE_RESET Pin=U3-44
Added Pin To Net: NetName=BLE_RESET Pin=U6-11
Added Net: Name=BLE_RESET
Added Pin To Net: NetName=BLE_UART1_RX Pin=R31-2
Added Pin To Net: NetName=BLE_UART1_RX Pin=R34-1
Added Pin To Net: NetName=BLE_UART1_RX Pin=U3-43
Added Net: Name=BLE_UART1_RX
Added Pin To Net: NetName=BLE_UART1_TX Pin=R32-2
Added Pin To Net: NetName=BLE_UART1_TX Pin=R37-1
Added Pin To Net: NetName=BLE_UART1_TX Pin=U3-42
Added Net: Name=BLE_UART1_TX
Added Pin To Net: NetName=CHARGE_DET Pin=J2-8
Added Pin To Net: NetName=CHARGE_DET Pin=U3-59
Added Net: Name=CHARGE_DET
Added Pin To Net: NetName=CHARGE_EMPTY Pin=J2-9
Added Pin To Net: NetName=CHARGE_EMPTY Pin=R1-2
Added Pin To Net: NetName=CHARGE_EMPTY Pin=U3-61
Added Net: Name=CHARGE_EMPTY
Added Pin To Net: NetName=CHARGE_LED Pin=J2-10
Added Pin To Net: NetName=CHARGE_LED Pin=Q2-1
Added Net: Name=CHARGE_LED
Added Pin To Net: NetName=CS1 Pin=J1-13
Added Pin To Net: NetName=CS1 Pin=U3-11
Added Net: Name=CS1
Added Pin To Net: NetName=CS2 Pin=J1-17
Added Pin To Net: NetName=CS2 Pin=U3-20
Added Net: Name=CS2
Added Pin To Net: NetName=D/C Pin=J1-11
Added Pin To Net: NetName=D/C Pin=U3-8
Added Net: Name=D/C
Added Pin To Net: NetName=FI Pin=J2-7
Added Pin To Net: NetName=FI Pin=U3-25
Added Net: Name=FI
Added Pin To Net: NetName=FSO/SPI1_MISO Pin=J1-15
Added Pin To Net: NetName=FSO/SPI1_MISO Pin=U3-22
Added Net: Name=FSO/SPI1_MISO
Added Pin To Net: NetName=GND Pin=C1-2
Added Pin To Net: NetName=GND Pin=C2-1
Added Pin To Net: NetName=GND Pin=C3-1
Added Pin To Net: NetName=GND Pin=C4-1
Added Pin To Net: NetName=GND Pin=C5-2
Added Pin To Net: NetName=GND Pin=C6-1
Added Pin To Net: NetName=GND Pin=C8-2
Added Pin To Net: NetName=GND Pin=C9-2
Added Pin To Net: NetName=GND Pin=C10-2
Added Pin To Net: NetName=GND Pin=C11-1
Added Pin To Net: NetName=GND Pin=C12-2
Added Pin To Net: NetName=GND Pin=C13-2
Added Pin To Net: NetName=GND Pin=C14-2
Added Pin To Net: NetName=GND Pin=C15-2
Added Pin To Net: NetName=GND Pin=C16-1
Added Pin To Net: NetName=GND Pin=C17-2
Added Pin To Net: NetName=GND Pin=C18-2
Added Pin To Net: NetName=GND Pin=C19-2
Added Pin To Net: NetName=GND Pin=C21-2
Added Pin To Net: NetName=GND Pin=C22-1
Added Pin To Net: NetName=GND Pin=C23-1
Added Pin To Net: NetName=GND Pin=C24-1
Added Pin To Net: NetName=GND Pin=C25-1
Added Pin To Net: NetName=GND Pin=C26-1
Added Pin To Net: NetName=GND Pin=C27-1
Added Pin To Net: NetName=GND Pin=C28-2
Added Pin To Net: NetName=GND Pin=C29-1
Added Pin To Net: NetName=GND Pin=C30-2
Added Pin To Net: NetName=GND Pin=C31-1
Added Pin To Net: NetName=GND Pin=C32-1
Added Pin To Net: NetName=GND Pin=C33-2
Added Pin To Net: NetName=GND Pin=C34-1
Added Pin To Net: NetName=GND Pin=C35-2
Added Pin To Net: NetName=GND Pin=C36-2
Added Pin To Net: NetName=GND Pin=CON1-2
Added Pin To Net: NetName=GND Pin=CON1-3
Added Pin To Net: NetName=GND Pin=D2-1
Added Pin To Net: NetName=GND Pin=D3-1
Added Pin To Net: NetName=GND Pin=D4-1
Added Pin To Net: NetName=GND Pin=D5-1
Added Pin To Net: NetName=GND Pin=J1-1
Added Pin To Net: NetName=GND Pin=J2-1
Added Pin To Net: NetName=GND Pin=J2-2
Added Pin To Net: NetName=GND Pin=J4-1
Added Pin To Net: NetName=GND Pin=Q1-2
Added Pin To Net: NetName=GND Pin=Q2-2
Added Pin To Net: NetName=GND Pin=Q4-2
Added Pin To Net: NetName=GND Pin=Q5-2
Added Pin To Net: NetName=GND Pin=R3-2
Added Pin To Net: NetName=GND Pin=R12-2
Added Pin To Net: NetName=GND Pin=R21-2
Added Pin To Net: NetName=GND Pin=S1-2
Added Pin To Net: NetName=GND Pin=S2-2
Added Pin To Net: NetName=GND Pin=U1-1
Added Pin To Net: NetName=GND Pin=U1-27
Added Pin To Net: NetName=GND Pin=U1-34
Added Pin To Net: NetName=GND Pin=U1-36
Added Pin To Net: NetName=GND Pin=U1-37
Added Pin To Net: NetName=GND Pin=U1-40
Added Pin To Net: NetName=GND Pin=U1-41
Added Pin To Net: NetName=GND Pin=U2-2
Added Pin To Net: NetName=GND Pin=U2-4
Added Pin To Net: NetName=GND Pin=U3-12
Added Pin To Net: NetName=GND Pin=U3-18
Added Pin To Net: NetName=GND Pin=U3-31
Added Pin To Net: NetName=GND Pin=U3-47
Added Pin To Net: NetName=GND Pin=U3-60
Added Pin To Net: NetName=GND Pin=U3-63
Added Pin To Net: NetName=GND Pin=U4-2
Added Pin To Net: NetName=GND Pin=U4-4
Added Pin To Net: NetName=GND Pin=U5-2
Added Pin To Net: NetName=GND Pin=U6-13
Added Pin To Net: NetName=GND Pin=U7-1
Added Pin To Net: NetName=GND Pin=U7-10
Added Pin To Net: NetName=GND Pin=U7-12
Added Net: Name=GND
Added Pin To Net: NetName=GPS_ON/OFF Pin=R27-1
Added Pin To Net: NetName=GPS_ON/OFF Pin=U3-57
Added Net: Name=GPS_ON/OFF
Added Pin To Net: NetName=GPS_UART5_RX Pin=R33-2
Added Pin To Net: NetName=GPS_UART5_RX Pin=R36-2
Added Pin To Net: NetName=GPS_UART5_RX Pin=U3-54
Added Net: Name=GPS_UART5_RX
Added Pin To Net: NetName=GPS_UART5_TX Pin=R30-2
Added Pin To Net: NetName=GPS_UART5_TX Pin=R35-2
Added Pin To Net: NetName=GPS_UART5_TX Pin=U3-55
Added Net: Name=GPS_UART5_TX
Added Pin To Net: NetName=NB_DBG_RXD Pin=U1-38
Added Net: Name=NB_DBG_RXD
Added Pin To Net: NetName=NB_DBG_TXD Pin=U1-39
Added Net: Name=NB_DBG_TXD
Added Pin To Net: NetName=NB_ON/OFF Pin=R17-2
Added Pin To Net: NetName=NB_ON/OFF Pin=U3-62
Added Net: Name=NB_ON/OFF
Added Pin To Net: NetName=NB_RESET Pin=R2-1
Added Pin To Net: NetName=NB_RESET Pin=U3-26
Added Net: Name=NB_RESET
Added Pin To Net: NetName=NB_RST Pin=Q1-3
Added Pin To Net: NetName=NB_RST Pin=U1-15
Added Net: Name=NB_RST
Added Pin To Net: NetName=NB_UART2_RX Pin=R14-2
Added Pin To Net: NetName=NB_UART2_RX Pin=R16-1
Added Pin To Net: NetName=NB_UART2_RX Pin=U3-17
Added Net: Name=NB_UART2_RX
Added Pin To Net: NetName=NB_UART2_TX Pin=R18-1
Added Pin To Net: NetName=NB_UART2_TX Pin=U3-16
Added Net: Name=NB_UART2_TX
Added Pin To Net: NetName=NetANT1_1 Pin=C7-1
Added Net: Name=NetANT1_1
Added Pin To Net: NetName=NetC6_2 Pin=C6-2
Added Pin To Net: NetName=NetC6_2 Pin=U3-3
Added Pin To Net: NetName=NetC6_2 Pin=X1-2
Added Net: Name=NetC6_2
Added Pin To Net: NetName=NetC7_2 Pin=C7-2
Added Pin To Net: NetName=NetC7_2 Pin=U1-35
Added Net: Name=NetC7_2
Added Pin To Net: NetName=NetC8_1 Pin=C8-1
Added Pin To Net: NetName=NetC8_1 Pin=U2-3
Added Pin To Net: NetName=NetC8_1 Pin=U3-5
Added Net: Name=NetC8_1
Added Pin To Net: NetName=NetC11_2 Pin=C11-2
Added Pin To Net: NetName=NetC11_2 Pin=U3-4
Added Pin To Net: NetName=NetC11_2 Pin=X1-1
Added Net: Name=NetC11_2
Added Pin To Net: NetName=NetC12_1 Pin=C12-1
Added Pin To Net: NetName=NetC12_1 Pin=U2-1
Added Pin To Net: NetName=NetC12_1 Pin=U3-6
Added Net: Name=NetC12_1
Added Pin To Net: NetName=NetC24_2 Pin=C24-2
Added Pin To Net: NetName=NetC24_2 Pin=D4-2
Added Pin To Net: NetName=NetC24_2 Pin=J3-C2
Added Pin To Net: NetName=NetC24_2 Pin=R26-1
Added Net: Name=NetC24_2
Added Pin To Net: NetName=NetC25_2 Pin=C25-2
Added Pin To Net: NetName=NetC25_2 Pin=D3-2
Added Pin To Net: NetName=NetC25_2 Pin=J3-C3
Added Pin To Net: NetName=NetC25_2 Pin=R23-1
Added Net: Name=NetC25_2
Added Pin To Net: NetName=NetC26_2 Pin=C26-2
Added Pin To Net: NetName=NetC26_2 Pin=D2-2
Added Pin To Net: NetName=NetC26_2 Pin=J3-C7
Added Pin To Net: NetName=NetC26_2 Pin=R24-1
Added Net: Name=NetC26_2
Added Pin To Net: NetName=NetC33_1 Pin=C33-1
Added Pin To Net: NetName=NetC33_1 Pin=C34-2
Added Pin To Net: NetName=NetC33_1 Pin=Q6-3
Added Pin To Net: NetName=NetC33_1 Pin=R29-2
Added Pin To Net: NetName=NetC33_1 Pin=U7-6
Added Pin To Net: NetName=NetC33_1 Pin=U7-8
Added Net: Name=NetC33_1
Added Pin To Net: NetName=NetCON1_1 Pin=CON1-1
Added Pin To Net: NetName=NetCON1_1 Pin=L1-1
Added Pin To Net: NetName=NetCON1_1 Pin=U7-11
Added Net: Name=NetCON1_1
Added Pin To Net: NetName=NetD1_1 Pin=D1-1
Added Pin To Net: NetName=NetD1_1 Pin=R5-2
Added Net: Name=NetD1_1
Added Pin To Net: NetName=NetD1_2 Pin=D1-2
Added Pin To Net: NetName=NetD1_2 Pin=Q2-3
Added Pin To Net: NetName=NetD1_2 Pin=Q4-3
Added Net: Name=NetD1_2
Added Pin To Net: NetName=NetL1_2 Pin=L1-2
Added Pin To Net: NetName=NetL1_2 Pin=U7-14
Added Net: Name=NetL1_2
Added Pin To Net: NetName=NetQ1_1 Pin=Q1-1
Added Pin To Net: NetName=NetQ1_1 Pin=R2-2
Added Pin To Net: NetName=NetQ1_1 Pin=R3-1
Added Net: Name=NetQ1_1
Added Pin To Net: NetName=NetQ3_1 Pin=Q3-1
Added Pin To Net: NetName=NetQ3_1 Pin=R11-2
Added Pin To Net: NetName=NetQ3_1 Pin=R13-2
Added Net: Name=NetQ3_1
Added Pin To Net: NetName=NetQ4_1 Pin=Q4-1
Added Pin To Net: NetName=NetQ4_1 Pin=R7-2
Added Pin To Net: NetName=NetQ4_1 Pin=R12-1
Added Net: Name=NetQ4_1
Added Pin To Net: NetName=NetQ5_1 Pin=Q5-1
Added Pin To Net: NetName=NetQ5_1 Pin=R17-1
Added Net: Name=NetQ5_1
Added Pin To Net: NetName=NetQ5_3 Pin=Q5-3
Added Pin To Net: NetName=NetQ5_3 Pin=R13-1
Added Net: Name=NetQ5_3
Added Pin To Net: NetName=NetQ6_1 Pin=Q6-1
Added Pin To Net: NetName=NetQ6_1 Pin=R27-2
Added Pin To Net: NetName=NetQ6_1 Pin=R28-2
Added Net: Name=NetQ6_1
Added Pin To Net: NetName=NetR6_1 Pin=R6-1
Added Pin To Net: NetName=NetR6_1 Pin=R8-1
Added Pin To Net: NetName=NetR6_1 Pin=S1-1
Added Pin To Net: NetName=NetR6_1 Pin=U3-34
Added Net: Name=NetR6_1
Added Pin To Net: NetName=NetR9_1 Pin=R9-1
Added Pin To Net: NetName=NetR9_1 Pin=R10-1
Added Pin To Net: NetName=NetR9_1 Pin=S2-1
Added Pin To Net: NetName=NetR9_1 Pin=U3-33
Added Net: Name=NetR9_1
Added Pin To Net: NetName=NetR15_2 Pin=R15-2
Added Pin To Net: NetName=NetR15_2 Pin=U1-20
Added Net: Name=NetR15_2
Added Pin To Net: NetName=NetR16_2 Pin=R16-2
Added Pin To Net: NetName=NetR16_2 Pin=U1-18
Added Net: Name=NetR16_2
Added Pin To Net: NetName=NetR18_2 Pin=R18-2
Added Pin To Net: NetName=NetR18_2 Pin=R19-2
Added Pin To Net: NetName=NetR18_2 Pin=U1-17
Added Net: Name=NetR18_2
Added Pin To Net: NetName=NetR29_1 Pin=R29-1
Added Pin To Net: NetName=NetR29_1 Pin=U7-5
Added Net: Name=NetR29_1
Added Pin To Net: NetName=NetR30_1 Pin=R30-1
Added Pin To Net: NetName=NetR30_1 Pin=U7-3
Added Net: Name=NetR30_1
Added Pin To Net: NetName=NetR33_1 Pin=R33-1
Added Pin To Net: NetName=NetR33_1 Pin=U7-2
Added Net: Name=NetR33_1
Added Pin To Net: NetName=NetR34_2 Pin=R34-2
Added Pin To Net: NetName=NetR34_2 Pin=U6-1
Added Net: Name=NetR34_2
Added Pin To Net: NetName=NetR37_2 Pin=R37-2
Added Pin To Net: NetName=NetR37_2 Pin=U6-2
Added Net: Name=NetR37_2
Added Pin To Net: NetName=NRST Pin=C21-1
Added Pin To Net: NetName=NRST Pin=J4-2
Added Pin To Net: NetName=NRST Pin=R25-2
Added Pin To Net: NetName=NRST Pin=U3-7
Added Net: Name=NRST
Added Pin To Net: NetName=OLED_RESET Pin=J1-9
Added Pin To Net: NetName=OLED_RESET Pin=U3-9
Added Net: Name=OLED_RESET
Added Pin To Net: NetName=RI Pin=R15-1
Added Pin To Net: NetName=RI Pin=U3-28
Added Net: Name=RI
Added Pin To Net: NetName=SCL/SPI1_SCK Pin=J1-5
Added Pin To Net: NetName=SCL/SPI1_SCK Pin=U3-21
Added Net: Name=SCL/SPI1_SCK
Added Pin To Net: NetName=SDA/SPI1_MOSI Pin=J1-7
Added Pin To Net: NetName=SDA/SPI1_MOSI Pin=U3-23
Added Net: Name=SDA/SPI1_MOSI
Added Pin To Net: NetName=SWCLK Pin=J4-5
Added Pin To Net: NetName=SWCLK Pin=U3-49
Added Net: Name=SWCLK
Added Pin To Net: NetName=SWDIO Pin=J4-4
Added Pin To Net: NetName=SWDIO Pin=U3-46
Added Net: Name=SWDIO
Added Pin To Net: NetName=SYS_LED Pin=R7-1
Added Pin To Net: NetName=SYS_LED Pin=U3-50
Added Net: Name=SYS_LED
Added Pin To Net: NetName=SYS_ON/OFF Pin=J2-11
Added Pin To Net: NetName=SYS_ON/OFF Pin=R4-2
Added Pin To Net: NetName=SYS_ON/OFF Pin=U3-45
Added Net: Name=SYS_ON/OFF
Added Pin To Net: NetName=USIM_CLK Pin=R23-2
Added Pin To Net: NetName=USIM_CLK Pin=U1-13
Added Net: Name=USIM_CLK
Added Pin To Net: NetName=USIM_DATA Pin=R22-2
Added Pin To Net: NetName=USIM_DATA Pin=R24-2
Added Pin To Net: NetName=USIM_DATA Pin=U1-11
Added Net: Name=USIM_DATA
Added Pin To Net: NetName=USIM_GND Pin=C20-1
Added Pin To Net: NetName=USIM_GND Pin=J3-C5
Added Pin To Net: NetName=USIM_GND Pin=U1-10
Added Net: Name=USIM_GND
Added Pin To Net: NetName=USIM_RST Pin=R26-2
Added Pin To Net: NetName=USIM_RST Pin=U1-12
Added Net: Name=USIM_RST
Added Pin To Net: NetName=USIM_VDD Pin=C20-2
Added Pin To Net: NetName=USIM_VDD Pin=D5-2
Added Pin To Net: NetName=USIM_VDD Pin=J3-C1
Added Pin To Net: NetName=USIM_VDD Pin=R22-1
Added Pin To Net: NetName=USIM_VDD Pin=U1-14
Added Net: Name=USIM_VDD
Added Pin To Net: NetName=VBAT_OUT Pin=C14-1
Added Pin To Net: NetName=VBAT_OUT Pin=C15-1
Added Pin To Net: NetName=VBAT_OUT Pin=C27-2
Added Pin To Net: NetName=VBAT_OUT Pin=C28-1
Added Pin To Net: NetName=VBAT_OUT Pin=C30-1
Added Pin To Net: NetName=VBAT_OUT Pin=C32-2
Added Pin To Net: NetName=VBAT_OUT Pin=J2-3
Added Pin To Net: NetName=VBAT_OUT Pin=J2-4
Added Pin To Net: NetName=VBAT_OUT Pin=Q3-2
Added Pin To Net: NetName=VBAT_OUT Pin=R5-1
Added Pin To Net: NetName=VBAT_OUT Pin=R11-1
Added Pin To Net: NetName=VBAT_OUT Pin=U4-1
Added Pin To Net: NetName=VBAT_OUT Pin=U4-3
Added Pin To Net: NetName=VBAT_OUT Pin=U5-1
Added Net: Name=VBAT_OUT
Added Pin To Net: NetName=VBAT Pin=J2-12
Added Pin To Net: NetName=VBAT Pin=R20-1
Added Net: Name=VBAT
Added Pin To Net: NetName=VCC3.3V_OLED_EN Pin=U3-10
Added Pin To Net: NetName=VCC3.3V_OLED_EN Pin=U5-3
Added Net: Name=VCC3.3V_OLED_EN
Added Pin To Net: NetName=VCC3.3V_OLED Pin=C29-2
Added Pin To Net: NetName=VCC3.3V_OLED Pin=C31-2
Added Pin To Net: NetName=VCC3.3V_OLED Pin=J1-3
Added Pin To Net: NetName=VCC3.3V_OLED Pin=U5-5
Added Net: Name=VCC3.3V_OLED
Added Pin To Net: NetName=VCC3.3V Pin=C1-1
Added Pin To Net: NetName=VCC3.3V Pin=C9-1
Added Pin To Net: NetName=VCC3.3V Pin=C10-1
Added Pin To Net: NetName=VCC3.3V Pin=C13-1
Added Pin To Net: NetName=VCC3.3V Pin=C17-1
Added Pin To Net: NetName=VCC3.3V Pin=C18-1
Added Pin To Net: NetName=VCC3.3V Pin=C22-2
Added Pin To Net: NetName=VCC3.3V Pin=C23-2
Added Pin To Net: NetName=VCC3.3V Pin=C35-1
Added Pin To Net: NetName=VCC3.3V Pin=C36-1
Added Pin To Net: NetName=VCC3.3V Pin=J4-3
Added Pin To Net: NetName=VCC3.3V Pin=Q6-2
Added Pin To Net: NetName=VCC3.3V Pin=R1-1
Added Pin To Net: NetName=VCC3.3V Pin=R4-1
Added Pin To Net: NetName=VCC3.3V Pin=R6-2
Added Pin To Net: NetName=VCC3.3V Pin=R9-2
Added Pin To Net: NetName=VCC3.3V Pin=R14-1
Added Pin To Net: NetName=VCC3.3V Pin=R25-1
Added Pin To Net: NetName=VCC3.3V Pin=R28-1
Added Pin To Net: NetName=VCC3.3V Pin=R31-1
Added Pin To Net: NetName=VCC3.3V Pin=R32-1
Added Pin To Net: NetName=VCC3.3V Pin=R35-1
Added Pin To Net: NetName=VCC3.3V Pin=R36-1
Added Pin To Net: NetName=VCC3.3V Pin=U3-1
Added Pin To Net: NetName=VCC3.3V Pin=U3-13
Added Pin To Net: NetName=VCC3.3V Pin=U3-19
Added Pin To Net: NetName=VCC3.3V Pin=U3-32
Added Pin To Net: NetName=VCC3.3V Pin=U3-48
Added Pin To Net: NetName=VCC3.3V Pin=U3-64
Added Pin To Net: NetName=VCC3.3V Pin=U4-5
Added Pin To Net: NetName=VCC3.3V Pin=U6-12
Added Net: Name=VCC3.3V
Added Pin To Net: NetName=VCC12V_EN Pin=J2-5
Added Pin To Net: NetName=VCC12V_EN Pin=U3-37
Added Net: Name=VCC12V_EN
Added Pin To Net: NetName=VCC_NB Pin=C2-2
Added Pin To Net: NetName=VCC_NB Pin=C3-2
Added Pin To Net: NetName=VCC_NB Pin=C4-2
Added Pin To Net: NetName=VCC_NB Pin=C5-1
Added Pin To Net: NetName=VCC_NB Pin=Q3-3
Added Pin To Net: NetName=VCC_NB Pin=U1-42
Added Pin To Net: NetName=VCC_NB Pin=U1-43
Added Net: Name=VCC_NB
Added Pin To Net: NetName=VDD_EXT Pin=C16-2
Added Pin To Net: NetName=VDD_EXT Pin=R19-1
Added Pin To Net: NetName=VDD_EXT Pin=U1-24
Added Net: Name=VDD_EXT
Added Pin To Net: NetName=WKUP1 Pin=R8-2
Added Pin To Net: NetName=WKUP1 Pin=U3-14
Added Net: Name=WKUP1
Added Pin To Net: NetName=WKUP2 Pin=R10-2
Added Pin To Net: NetName=WKUP2 Pin=U3-2
Added Net: Name=WKUP2
Added Class: Name=Sheet1
Added Room: Name=Sheet1
