Removed Pin From Net: NetName=VCC3.3V_GPS_BLE Pin=C36-1
Removed Pin From Net: NetName=NetR6_1 Pin=R8-1
Removed Pin From Net: NetName=NetR9_1 Pin=R10-1
Removed Pin From Net: NetName=WKUP2 Pin=R10-2
Removed Pin From Net: NetName=VCC3.3V_GPS_BLE Pin=R31-1
Removed Pin From Net: NetName=VCC3.3V_GPS_BLE Pin=R32-1
Removed Pin From Net: NetName=VCC3.3V Pin=R35-1
Removed Pin From Net: NetName=VCC3.3V Pin=R36-1
Removed Pin From Net: NetName=NetR9_1 Pin=U3-33
Removed Pin From Net: NetName=VCC3.3V_GPS_BLE Pin=U6-12
Removed Member From Class: ClassName=Sheet1 Member=R8
Removed Member From Class: ClassName=Sheet1 Member=R10
Added Pin To Net: NetName=VCC3.3V_OLED Pin=C36-1
Added Pin To Net: NetName=VCC3.3V_OLED Pin=R31-1
Added Pin To Net: NetName=VCC3.3V_OLED Pin=R32-1
Added Pin To Net: NetName=VCC3.3V_GPS_BLE Pin=R35-1
Added Pin To Net: NetName=VCC3.3V_GPS_BLE Pin=R36-1
Added Pin To Net: NetName=NetR9_1 Pin=U3-14
Added Pin To Net: NetName=VCC3.3V_OLED Pin=U6-12
Added Room: Name=Sheet1
