Change Component Designator: Old Designator=C1 New Designator=C27
Change Component Designator: Old Designator=C2 New Designator=C15
Change Component Designator: Old Designator=C3 New Designator=C26
Change Component Designator: Old Designator=C6 New Designator=C20
Change Component Designator: Old Designator=C7 New Designator=C16
Change Component Designator: Old Designator=C9 New Designator=C5
Change Component Designator: Old Designator=C10 New Designator=C2
Change Component Designator: Old Designator=C11 New Designator=C36
Change Component Designator: Old Designator=C12 New Designator=C3
Change Component Designator: Old Designator=C14 New Designator=C18
Change Component Designator: Old Designator=C15 New Designator=C17
Change Component Designator: Old Designator=C16 New Designator=C1
Change Component Designator: Old Designator=C17 New Designator=C4
Change Component Designator: Old Designator=C20 New Designator=C28
Change Component Designator: Old Designator=C37 New Designator=C32
Change Component Designator: Old Designator=C38 New Designator=C31
Change Component Designator: Old Designator=C39 New Designator=C30
Change Component Designator: Old Designator=C40 New Designator=C29
Change Component Designator: Old Designator=C41 New Designator=C7
Change Component Designator: Old Designator=C43 New Designator=C35
Change Component Designator: Old Designator=C44 New Designator=C34
Change Component Designator: Old Designator=C45 New Designator=C33
Change Component Designator: Old Designator=C46 New Designator=C14
Change Component Designator: Old Designator=C51 New Designator=C12
Change Component Designator: Old Designator=C52 New Designator=C8
Change Component Designator: Old Designator=C53 New Designator=C22
Change Component Designator: Old Designator=C55 New Designator=C21
Change Component Designator: Old Designator=C57 New Designator=C9
Change Component Designator: Old Designator=C60 New Designator=C6
Change Component Designator: Old Designator=C61 New Designator=C11
Change Component Designator: Old Designator=C65 New Designator=C10
Change Component Designator: Old Designator=C66 New Designator=C23
Change Component Designator: Old Designator=C78 New Designator=C24
Change Component Designator: Old Designator=C79 New Designator=C25
Change Component Designator: Old Designator=C? New Designator=C19
Change Component Designator: Old Designator=D2 New Designator=D3
Change Component Designator: Old Designator=D3 New Designator=D2
Change Component Designator: Old Designator=D9 New Designator=D1
Change Component Designator: Old Designator=J1 New Designator=J3
Change Component Designator: Old Designator=J3 New Designator=J4
Change Component Designator: Old Designator=J8 New Designator=J1
Change Component Designator: Old Designator=J9 New Designator=J2
Change Component Designator: Old Designator=L6 New Designator=L1
Change Component Designator: Old Designator=Q1 New Designator=Q6
Change Component Designator: Old Designator=Q2 New Designator=Q4
Change Component Designator: Old Designator=Q3 New Designator=Q5
Change Component Designator: Old Designator=Q4 New Designator=Q1
Change Component Designator: Old Designator=Q5 New Designator=Q2
Change Component Designator: Old Designator=Q7 New Designator=Q3
Change Component Designator: Old Designator=R1 New Designator=R28
Change Component Designator: Old Designator=R2 New Designator=R27
Change Component Designator: Old Designator=R4 New Designator=R24
Change Component Designator: Old Designator=R7 New Designator=R23
Change Component Designator: Old Designator=R8 New Designator=R26
Change Component Designator: Old Designator=R9 New Designator=R15
Change Component Designator: Old Designator=R11 New Designator=R16
Change Component Designator: Old Designator=R12 New Designator=R18
Change Component Designator: Old Designator=R13 New Designator=R19
Change Component Designator: Old Designator=R15 New Designator=R31
Change Component Designator: Old Designator=R16 New Designator=R32
Change Component Designator: Old Designator=R21 New Designator=R33
Change Component Designator: Old Designator=R22 New Designator=R30
Change Component Designator: Old Designator=R23 New Designator=R29
Change Component Designator: Old Designator=R25 New Designator=R34
Change Component Designator: Old Designator=R26 New Designator=R37
Change Component Designator: Old Designator=R28 New Designator=R20
Change Component Designator: Old Designator=R29 New Designator=R21
Change Component Designator: Old Designator=R31 New Designator=R1
Change Component Designator: Old Designator=R32 New Designator=R5
Change Component Designator: Old Designator=R34 New Designator=R6
Change Component Designator: Old Designator=R34 New Designator=R9
Change Component Designator: Old Designator=R40 New Designator=R2
Change Component Designator: Old Designator=R44 New Designator=R3
Change Component Designator: Old Designator=R45 New Designator=R7
Change Component Designator: Old Designator=R46 New Designator=R12
Change Component Designator: Old Designator=R47 New Designator=R25
Change Component Designator: Old Designator=R52 New Designator=R22
Change Component Designator: Old Designator=R54 New Designator=R11
Change Component Designator: Old Designator=R55 New Designator=R13
Change Component Designator: Old Designator=R59 New Designator=R14
Change Component Designator: Old Designator=R60 New Designator=R35
Change Component Designator: Old Designator=R61 New Designator=R17
Change Component Designator: Old Designator=R62 New Designator=R36
Change Component Designator: Old Designator=R69 New Designator=R4
Change Component Designator: Old Designator=R? New Designator=R8
Change Component Designator: Old Designator=R? New Designator=R10
Change Component Designator: Old Designator=S4 New Designator=S1
Change Component Designator: Old Designator=U2 New Designator=U3
Change Component Designator: Old Designator=U3 New Designator=U7
Change Component Designator: Old Designator=U4 New Designator=U6
Change Component Designator: Old Designator=U8 New Designator=U2
Change Component Designator: Old Designator=U10 New Designator=U4
Change Component Designator: Old Designator=U12 New Designator=U5
Change Component Designator: Old Designator=X2 New Designator=X1
